<?xml version="1.0" encoding="UTF-8"?>
<!-- Generated by org.testng.reporters.JUnitXMLReporter -->
<testsuite ignored="0" hostname="acer" failures="0" tests="3" name="Default test" time="8.21" errors="0" timestamp="2020-04-24T18:57:37 IST">
  <testcase classname="com.tyss.restapitesting.scripts.AuthentiateTest" name="authenticate" time="7.121"/>
  <testcase classname="com.tyss.restapitesting.scripts.AuthentiateTest" name="getAllCustomers" time="0.608"/>
  <testcase classname="com.tyss.restapitesting.scripts.AuthentiateTest" name="getUserWithPhoneNum" time="0.338"/>
</testsuite> <!-- Default test -->
